Using pre-set license
Built from '2020.3/staging' branch; Version is '2020.3.21f1 (a38c86f6690f) revision 10718342'; Using compiler version '192528614'; Build Type 'Release'
OS: 'Windows 10 Education; OS build 19043.1348; Version 2009; 64bit' Language: 'bg' Physical Memory: 16215 MB
BatchMode: 1, IsHumanControllingUs: 0, StartBugReporterOnCrash: 0, Is64bit: 1, IsPro: 0

COMMAND LINE ARGUMENTS:
C:\Program Files\Unity\Hub\Editor\2020.3.21f1\Editor\Unity.exe
-adb2
-batchMode
-noUpm
-name
AssetImportWorker0
-projectPath
E:/Programming/unity/Unity/BUas - Design And Production
-logFile
Logs/AssetImportWorker0.log
-srvPort
58878
Successfully changed project path to: E:/Programming/unity/Unity/BUas - Design And Production
E:/Programming/unity/Unity/BUas - Design And Production
Using Asset Import Pipeline V2.
Refreshing native plugins compatible for Editor in 38.80 ms, found 3 plugins.
Preloading 0 native plugins for Editor in 0.00 ms.
Initialize engine version: 2020.3.21f1 (a38c86f6690f)
[Subsystems] Discovering subsystems at path C:/Program Files/Unity/Hub/Editor/2020.3.21f1/Editor/Data/Resources/UnitySubsystems
[Subsystems] Discovering subsystems at path E:/Programming/unity/Unity/BUas - Design And Production/Assets
GfxDevice: creating device client; threaded=0
Direct3D:
    Version:  Direct3D 11.0 [level 11.1]
    Renderer: NVIDIA GeForce GTX 1660 Ti (ID=0x2191)
    Vendor:   
    VRAM:     5991 MB
    Driver:   27.21.14.5167
Initialize mono
Mono path[0] = 'C:/Program Files/Unity/Hub/Editor/2020.3.21f1/Editor/Data/Managed'
Mono path[1] = 'C:/Program Files/Unity/Hub/Editor/2020.3.21f1/Editor/Data/MonoBleedingEdge/lib/mono/unityjit'
Mono config path = 'C:/Program Files/Unity/Hub/Editor/2020.3.21f1/Editor/Data/MonoBleedingEdge/etc'
Using monoOptions --debugger-agent=transport=dt_socket,embedding=1,server=y,suspend=n,address=127.0.0.1:56792
Begin MonoManager ReloadAssembly
Registering precompiled unity dll's ...
Register platform support module: C:/Program Files/Unity/Hub/Editor/2020.3.21f1/Editor/Data/PlaybackEngines/WindowsStandaloneSupport/UnityEditor.WindowsStandalone.Extensions.dll
Registered in 0.001380 seconds.
Native extension for WindowsStandalone target not found
Refreshing native plugins compatible for Editor in 41.93 ms, found 3 plugins.
Preloading 0 native plugins for Editor in 0.00 ms.
Mono: successfully reloaded assembly
- Completed reload, in  0.830 seconds
Domain Reload Profiling:
	ReloadAssembly (830ms)
		BeginReloadAssembly (41ms)
			ExecutionOrderSort (0ms)
			DisableScriptedObjects (0ms)
			BackupInstance (0ms)
			ReleaseScriptingObjects (0ms)
			CreateAndSetChildDomain (1ms)
		EndReloadAssembly (358ms)
			LoadAssemblies (39ms)
			RebuildTransferFunctionScriptingTraits (0ms)
			SetupTypeCache (117ms)
			ReleaseScriptCaches (0ms)
			RebuildScriptCaches (24ms)
			SetupLoadedEditorAssemblies (143ms)
				LogAssemblyErrors (0ms)
				InitializePlatformSupportModulesInManaged (3ms)
				SetLoadedEditorAssemblies (0ms)
				RefreshPlugins (42ms)
				BeforeProcessingInitializeOnLoad (11ms)
				ProcessInitializeOnLoadAttributes (66ms)
				ProcessInitializeOnLoadMethodAttributes (21ms)
				AfterProcessingInitializeOnLoad (0ms)
				EditorAssembliesLoaded (0ms)
			ExecutionOrderSort2 (0ms)
			AwakeInstancesAfterBackupRestoration (0ms)
Platform modules already initialized, skipping
Registering precompiled user dll's ...
Registered in 0.002188 seconds.
Begin MonoManager ReloadAssembly
Native extension for WindowsStandalone target not found
Refreshing native plugins compatible for Editor in 38.66 ms, found 3 plugins.
Preloading 0 native plugins for Editor in 0.00 ms.
Mono: successfully reloaded assembly
- Completed reload, in  0.890 seconds
Domain Reload Profiling:
	ReloadAssembly (891ms)
		BeginReloadAssembly (118ms)
			ExecutionOrderSort (0ms)
			DisableScriptedObjects (4ms)
			BackupInstance (0ms)
			ReleaseScriptingObjects (0ms)
			CreateAndSetChildDomain (14ms)
		EndReloadAssembly (724ms)
			LoadAssemblies (67ms)
			RebuildTransferFunctionScriptingTraits (0ms)
			SetupTypeCache (241ms)
			ReleaseScriptCaches (0ms)
			RebuildScriptCaches (38ms)
			SetupLoadedEditorAssemblies (276ms)
				LogAssemblyErrors (0ms)
				InitializePlatformSupportModulesInManaged (3ms)
				SetLoadedEditorAssemblies (0ms)
				RefreshPlugins (39ms)
				BeforeProcessingInitializeOnLoad (59ms)
				ProcessInitializeOnLoadAttributes (158ms)
				ProcessInitializeOnLoadMethodAttributes (12ms)
				AfterProcessingInitializeOnLoad (5ms)
				EditorAssembliesLoaded (0ms)
			ExecutionOrderSort2 (0ms)
			AwakeInstancesAfterBackupRestoration (5ms)
Platform modules already initialized, skipping
========================================================================
Worker process is ready to serve import requests
Launched and connected shader compiler UnityShaderCompiler.exe after 0.05 seconds
Refreshing native plugins compatible for Editor in 0.44 ms, found 3 plugins.
Preloading 0 native plugins for Editor in 0.00 ms.
Unloading 2195 Unused Serialized files (Serialized files now loaded: 0)
System memory in use before: 95.9 MB.
System memory in use after: 96.0 MB.

Unloading 27 unused Assets to reduce memory usage. Loaded Objects now: 2631.
Total: 2.672900 ms (FindLiveObjects: 0.173100 ms CreateObjectMapping: 0.098100 ms MarkObjects: 2.358500 ms  DeleteObjects: 0.042500 ms)

AssetImportParameters requested are different than current active one (requested -> active):
  custom:framework-win-MediaFoundation: 216162199b28c13a410421893ffa2e32 -> 
  custom:video-decoder-ogg-theora: a1e56fd34408186e4bbccfd4996cb3dc -> 
  custom:container-muxer-webm: aa71ff27fc2769a1b78a27578f13a17b -> 
  custom:container-demuxer-webm: 4f35f7cbe854078d1ac9338744f61a02 -> 
  custom:container-demuxer-ogg: 62fdf1f143b41e24485cea50d1cbac27 -> 
  custom:video-encoder-webm-vp8: eb34c28f22e8b96e1ab97ce403110664 -> 
  custom:video-decoder-webm-vp8: 9c59270c3fd7afecdb556c50c9e8de78 -> 
  custom:audio-decoder-ogg-vorbis: bf7c407c2cedff20999df2af8eb42d56 -> 
  custom:audio-encoder-webm-vorbis: bf7c407c2cedff20999df2af8eb42d56 -> 
========================================================================
Received Import Request.
  path: Assets/SimplePixelUI/fonts
  artifactKey: Guid(162d4da9bc4ab2f41abc92be382336c2) Importer(815301076,1909f56bfc062723c751e8b465ee728b)
Start importing Assets/SimplePixelUI/fonts using Guid(162d4da9bc4ab2f41abc92be382336c2) Importer(815301076,1909f56bfc062723c751e8b465ee728b)  -> (artifact id: '7c4ad952fbb5a6867f65b7281f19e092') in 0.038557 seconds 
  Import took 0.058004 seconds .

========================================================================
Received Import Request.
  Time since last request: 0.000291 seconds.
  path: Assets/SimplePixelUI/prefabs
  artifactKey: Guid(498dfc90ecb35db479c01f0e6a780c1a) Importer(815301076,1909f56bfc062723c751e8b465ee728b)
Start importing Assets/SimplePixelUI/prefabs using Guid(498dfc90ecb35db479c01f0e6a780c1a) Importer(815301076,1909f56bfc062723c751e8b465ee728b)  -> (artifact id: '9ff0f6cd42c0b24289c03d2a67ae2be1') in 0.006028 seconds 
  Import took 0.013389 seconds .

========================================================================
Received Import Request.
  Time since last request: 1.467968 seconds.
  path: Assets/SimplePixelUI/artwork/icons
  artifactKey: Guid(235e3d33a6b406b489b4b3abb63fa270) Importer(815301076,1909f56bfc062723c751e8b465ee728b)
Start importing Assets/SimplePixelUI/artwork/icons using Guid(235e3d33a6b406b489b4b3abb63fa270) Importer(815301076,1909f56bfc062723c751e8b465ee728b)  -> (artifact id: '2c551ec8cdf64a6c7ed16d3b05aeb980') in 0.018873 seconds 
  Import took 0.051937 seconds .

========================================================================
Received Import Request.
  Time since last request: 0.835499 seconds.
  path: Assets/SimplePixelUI/artwork/halfcustomizible
  artifactKey: Guid(323062aa4e025ff4f95dc86eef23c43f) Importer(815301076,1909f56bfc062723c751e8b465ee728b)
Start importing Assets/SimplePixelUI/artwork/halfcustomizible using Guid(323062aa4e025ff4f95dc86eef23c43f) Importer(815301076,1909f56bfc062723c751e8b465ee728b)  -> (artifact id: '0f102e00d7f10e30c8a07aa0f6f671bf') in 0.019281 seconds 
  Import took 0.052663 seconds .

========================================================================
Received Import Request.
  Time since last request: 1.549887 seconds.
  path: Assets/SimplePixelUI/artwork/gray
  artifactKey: Guid(c11f438d218a29846921341e266ec360) Importer(815301076,1909f56bfc062723c751e8b465ee728b)
Start importing Assets/SimplePixelUI/artwork/gray using Guid(c11f438d218a29846921341e266ec360) Importer(815301076,1909f56bfc062723c751e8b465ee728b)  -> (artifact id: 'c8ae09f76490245db31bcde2691c8f9c') in 0.017704 seconds 
  Import took 0.021236 seconds .

========================================================================
Received Import Request.
  Time since last request: 0.799974 seconds.
  path: Assets/SimplePixelUI/artwork/gray/rounded
  artifactKey: Guid(8fceee643229ca943a932aa970886283) Importer(815301076,1909f56bfc062723c751e8b465ee728b)
Start importing Assets/SimplePixelUI/artwork/gray/rounded using Guid(8fceee643229ca943a932aa970886283) Importer(815301076,1909f56bfc062723c751e8b465ee728b)  -> (artifact id: '370fb375f15aaa013d2c87827c931182') in 0.005594 seconds 
  Import took 0.028820 seconds .

========================================================================
Received Import Request.
  Time since last request: 12.767647 seconds.
  path: Assets/SimplePixelUI/prefabs/color_customizible
  artifactKey: Guid(7648bcc61850c594fa9fd8529d442205) Importer(815301076,1909f56bfc062723c751e8b465ee728b)
Start importing Assets/SimplePixelUI/prefabs/color_customizible using Guid(7648bcc61850c594fa9fd8529d442205) Importer(815301076,1909f56bfc062723c751e8b465ee728b)  -> (artifact id: '388ad2a32deaa0eab8cb6e2aa95167b5') in 0.006129 seconds 
  Import took 0.010198 seconds .

========================================================================
Received Import Request.
  Time since last request: 0.924155 seconds.
  path: Assets/SimplePixelUI/prefabs/color_customizible/rounded
  artifactKey: Guid(80ca6cd00e68d8d459a7aaca894b354e) Importer(815301076,1909f56bfc062723c751e8b465ee728b)
Start importing Assets/SimplePixelUI/prefabs/color_customizible/rounded using Guid(80ca6cd00e68d8d459a7aaca894b354e) Importer(815301076,1909f56bfc062723c751e8b465ee728b)  -> (artifact id: '9c86602bc08b472d677928433f93b4bf') in 0.002091 seconds 
  Import took 0.022058 seconds .

========================================================================
Received Import Request.
  Time since last request: 1.684736 seconds.
  path: Assets/SimplePixelUI/prefabs/color_customizible/rounded/Inventory.prefab
  artifactKey: Guid(fb7771b5a54c6d84d918b2f49b20468d) Importer(815301076,1909f56bfc062723c751e8b465ee728b)
Start importing Assets/SimplePixelUI/prefabs/color_customizible/rounded/Inventory.prefab using Guid(fb7771b5a54c6d84d918b2f49b20468d) Importer(815301076,1909f56bfc062723c751e8b465ee728b)  -> (artifact id: 'eaae7f76dacae9b0abdaf7b821f30052') in 0.035776 seconds 
  Import took 0.049485 seconds .

========================================================================
Received Import Request.
  Time since last request: 0.608662 seconds.
  path: Assets/SimplePixelUI/prefabs/color_customizible/rounded/health_bar_rounded 1
  artifactKey: Guid(a46ec3f3ff92ddd479e9ca9430036702) Importer(815301076,1909f56bfc062723c751e8b465ee728b)
Start importing Assets/SimplePixelUI/prefabs/color_customizible/rounded/health_bar_rounded 1 using Guid(a46ec3f3ff92ddd479e9ca9430036702) Importer(815301076,1909f56bfc062723c751e8b465ee728b)  -> (artifact id: '3780cde81366d230353065245a9ca90e') in 0.005565 seconds 
  Import took 0.035218 seconds .

========================================================================
Received Import Request.
  Time since last request: 1.702132 seconds.
  path: Assets/SimplePixelUI/prefabs/color_customizible/rounded/buttons
  artifactKey: Guid(db110e7c7eab3e9409f287bc88436c77) Importer(815301076,1909f56bfc062723c751e8b465ee728b)
Start importing Assets/SimplePixelUI/prefabs/color_customizible/rounded/buttons using Guid(db110e7c7eab3e9409f287bc88436c77) Importer(815301076,1909f56bfc062723c751e8b465ee728b)  -> (artifact id: 'da1c2a29b5a58971d4ffb6275b487685') in 0.006657 seconds 
  Import took 0.036056 seconds .

========================================================================
Received Import Request.
  Time since last request: 0.631173 seconds.
  path: Assets/SimplePixelUI/prefabs/color_customizible/rounded/buttons/button_1.prefab
  artifactKey: Guid(086b1019acc83f247bb62cf82bba2024) Importer(815301076,1909f56bfc062723c751e8b465ee728b)
Start importing Assets/SimplePixelUI/prefabs/color_customizible/rounded/buttons/button_1.prefab using Guid(086b1019acc83f247bb62cf82bba2024) Importer(815301076,1909f56bfc062723c751e8b465ee728b)  -> (artifact id: '5616a5ab65e9270a0e96bc292539b20a') in 0.010611 seconds 
  Import took 0.025962 seconds .

========================================================================
Received Import Request.
  Time since last request: 0.994721 seconds.
  path: Assets/SimplePixelUI/prefabs/color_customizible/rounded/buttons/button_2.prefab
  artifactKey: Guid(1ee8321ded749d3459cb17ae06c5de5e) Importer(815301076,1909f56bfc062723c751e8b465ee728b)
Start importing Assets/SimplePixelUI/prefabs/color_customizible/rounded/buttons/button_2.prefab using Guid(1ee8321ded749d3459cb17ae06c5de5e) Importer(815301076,1909f56bfc062723c751e8b465ee728b)  -> (artifact id: '4a640d99ed3ce8b4c4be51cca3096341') in 0.008085 seconds 
  Import took 0.011429 seconds .

========================================================================
Received Import Request.
  Time since last request: 1.310554 seconds.
  path: Assets/SimplePixelUI/prefabs/Gray_black
  artifactKey: Guid(5b23af8a153ab7a4987aa88e72c13877) Importer(815301076,1909f56bfc062723c751e8b465ee728b)
Start importing Assets/SimplePixelUI/prefabs/Gray_black using Guid(5b23af8a153ab7a4987aa88e72c13877) Importer(815301076,1909f56bfc062723c751e8b465ee728b)  -> (artifact id: '89bb39441c222d20eea414a3395e8ed5') in 0.006344 seconds 
  Import took 0.114925 seconds .

========================================================================
Received Import Request.
  Time since last request: 1.042725 seconds.
  path: Assets/SimplePixelUI/prefabs/Gray_black/rounded
  artifactKey: Guid(8f4012ce779c2b9469a056dc7301018a) Importer(815301076,1909f56bfc062723c751e8b465ee728b)
Start importing Assets/SimplePixelUI/prefabs/Gray_black/rounded using Guid(8f4012ce779c2b9469a056dc7301018a) Importer(815301076,1909f56bfc062723c751e8b465ee728b)  -> (artifact id: '7fb92132ff0728c6a4bfa8bda353182c') in 0.002240 seconds 
  Import took 0.168183 seconds .

========================================================================
Received Import Request.
  Time since last request: 0.988073 seconds.
  path: Assets/SimplePixelUI/prefabs/Gray_black/rounded/background.prefab
  artifactKey: Guid(58c66169087b95140a6cc11e38fe212f) Importer(815301076,1909f56bfc062723c751e8b465ee728b)
Start importing Assets/SimplePixelUI/prefabs/Gray_black/rounded/background.prefab using Guid(58c66169087b95140a6cc11e38fe212f) Importer(815301076,1909f56bfc062723c751e8b465ee728b)  -> (artifact id: '1f37eab0391472ad368d985afe7023f8') in 0.007073 seconds 
  Import took 0.090675 seconds .

========================================================================
Received Prepare
Refreshing native plugins compatible for Editor in 2.42 ms, found 3 plugins.
Preloading 0 native plugins for Editor in 0.00 ms.
Unloading 15 Unused Serialized files (Serialized files now loaded: 0)
System memory in use before: 52.6 MB.
System memory in use after: 52.8 MB.

Unloading 15 unused Assets to reduce memory usage. Loaded Objects now: 2631.
Total: 2.837100 ms (FindLiveObjects: 0.180600 ms CreateObjectMapping: 0.079600 ms MarkObjects: 2.566400 ms  DeleteObjects: 0.009900 ms)

AssetImportParameters requested are different than current active one (requested -> active):
  custom:framework-win-MediaFoundation: 216162199b28c13a410421893ffa2e32 -> 
  custom:video-decoder-ogg-theora: a1e56fd34408186e4bbccfd4996cb3dc -> 
  custom:container-muxer-webm: aa71ff27fc2769a1b78a27578f13a17b -> 
  custom:container-demuxer-webm: 4f35f7cbe854078d1ac9338744f61a02 -> 
  custom:container-demuxer-ogg: 62fdf1f143b41e24485cea50d1cbac27 -> 
  custom:video-encoder-webm-vp8: eb34c28f22e8b96e1ab97ce403110664 -> 
  custom:video-decoder-webm-vp8: 9c59270c3fd7afecdb556c50c9e8de78 -> 
  custom:audio-decoder-ogg-vorbis: bf7c407c2cedff20999df2af8eb42d56 -> 
  custom:audio-encoder-webm-vorbis: bf7c407c2cedff20999df2af8eb42d56 -> 
AssetImportWorkerClient::OnTransportError - code=2 error=End of file
